<?xml version="1.0" encoding="UTF-8"?>
<!-- Generated by org.testng.reporters.JUnitReportReporter -->
<testsuite hostname="Shivraj" failures="0" tests="1" name="com.nopCommerceProjectV1.testCases.TC_LoginTest_001" time="28.576" errors="0" timestamp="2021-07-13T14:34:22 CEST" skipped="0">
  <testcase classname="com.nopCommerceProjectV1.testCases.TC_LoginTest_001" name="loginTest" time="28.576"/>
  <system-out/>
</testsuite> <!-- com.nopCommerceProjectV1.testCases.TC_LoginTest_001 -->
